#! /usr/bin/vvp
:ivl_version "12.0 (stable)";
:ivl_delay_selection "TYPICAL";
:vpi_time_precision - 9;
:vpi_module "/usr/lib/x86_64-linux-gnu/ivl/system.vpi";
:vpi_module "/usr/lib/x86_64-linux-gnu/ivl/vhdl_sys.vpi";
:vpi_module "/usr/lib/x86_64-linux-gnu/ivl/vhdl_textio.vpi";
:vpi_module "/usr/lib/x86_64-linux-gnu/ivl/v2005_math.vpi";
:vpi_module "/usr/lib/x86_64-linux-gnu/ivl/va_math.vpi";
S_0x557a8eda61f0 .scope module, "controltb" "controltb" 2 3;
 .timescale -9 -9;
v0x557a8edfd950_0 .net "aluop", 1 0, v0x557a8ede6ea0_0;  1 drivers
v0x557a8edfda30_0 .net "alusrc", 0 0, v0x557a8edfd270_0;  1 drivers
v0x557a8edfdb00_0 .net "br", 0 0, v0x557a8edfd330_0;  1 drivers
v0x557a8edfdc00_0 .net "memreg", 0 0, v0x557a8edfd3d0_0;  1 drivers
v0x557a8edfdcd0_0 .net "mr", 0 0, v0x557a8edfd490_0;  1 drivers
v0x557a8edfddc0_0 .net "mw", 0 0, v0x557a8edfd5a0_0;  1 drivers
v0x557a8edfde90_0 .var "opcode", 6 0;
v0x557a8edfdf60_0 .net "regwr", 0 0, v0x557a8edfd740_0;  1 drivers
S_0x557a8eda6380 .scope module, "uut" "controlunit" 2 12, 3 1 0, S_0x557a8eda61f0;
 .timescale -9 -9;
    .port_info 0 /INPUT 7 "opcode";
    .port_info 1 /OUTPUT 1 "br";
    .port_info 2 /OUTPUT 1 "memreg";
    .port_info 3 /OUTPUT 1 "mr";
    .port_info 4 /OUTPUT 1 "mw";
    .port_info 5 /OUTPUT 1 "alusrc";
    .port_info 6 /OUTPUT 1 "regwr";
    .port_info 7 /OUTPUT 2 "aluop";
v0x557a8ede6ea0_0 .var "aluop", 1 0;
v0x557a8edfd270_0 .var "alusrc", 0 0;
v0x557a8edfd330_0 .var "br", 0 0;
v0x557a8edfd3d0_0 .var "memreg", 0 0;
v0x557a8edfd490_0 .var "mr", 0 0;
v0x557a8edfd5a0_0 .var "mw", 0 0;
v0x557a8edfd660_0 .net "opcode", 6 0, v0x557a8edfde90_0;  1 drivers
v0x557a8edfd740_0 .var "regwr", 0 0;
E_0x557a8ede7ab0 .event anyedge, v0x557a8edfd660_0;
    .scope S_0x557a8eda6380;
T_0 ;
    %wait E_0x557a8ede7ab0;
    %pushi/vec4 0, 0, 1;
    %store/vec4 v0x557a8edfd330_0, 0, 1;
    %pushi/vec4 0, 0, 1;
    %store/vec4 v0x557a8edfd490_0, 0, 1;
    %pushi/vec4 0, 0, 1;
    %store/vec4 v0x557a8edfd5a0_0, 0, 1;
    %pushi/vec4 0, 0, 1;
    %store/vec4 v0x557a8edfd3d0_0, 0, 1;
    %pushi/vec4 0, 0, 1;
    %store/vec4 v0x557a8edfd270_0, 0, 1;
    %pushi/vec4 0, 0, 1;
    %store/vec4 v0x557a8edfd740_0, 0, 1;
    %pushi/vec4 0, 0, 2;
    %store/vec4 v0x557a8ede6ea0_0, 0, 2;
    %load/vec4 v0x557a8edfd660_0;
    %dup/vec4;
    %pushi/vec4 51, 0, 7;
    %cmp/u;
    %jmp/1 T_0.0, 6;
    %dup/vec4;
    %pushi/vec4 19, 0, 7;
    %cmp/u;
    %jmp/1 T_0.1, 6;
    %dup/vec4;
    %pushi/vec4 3, 0, 7;
    %cmp/u;
    %jmp/1 T_0.2, 6;
    %dup/vec4;
    %pushi/vec4 35, 0, 7;
    %cmp/u;
    %jmp/1 T_0.3, 6;
    %dup/vec4;
    %pushi/vec4 99, 0, 7;
    %cmp/u;
    %jmp/1 T_0.4, 6;
    %pushi/vec4 0, 0, 1;
    %store/vec4 v0x557a8edfd330_0, 0, 1;
    %pushi/vec4 0, 0, 1;
    %store/vec4 v0x557a8edfd490_0, 0, 1;
    %pushi/vec4 0, 0, 1;
    %store/vec4 v0x557a8edfd5a0_0, 0, 1;
    %pushi/vec4 0, 0, 1;
    %store/vec4 v0x557a8edfd3d0_0, 0, 1;
    %pushi/vec4 0, 0, 1;
    %store/vec4 v0x557a8edfd270_0, 0, 1;
    %pushi/vec4 0, 0, 1;
    %store/vec4 v0x557a8edfd740_0, 0, 1;
    %pushi/vec4 0, 0, 2;
    %store/vec4 v0x557a8ede6ea0_0, 0, 2;
    %jmp T_0.6;
T_0.0 ;
    %pushi/vec4 0, 0, 1;
    %store/vec4 v0x557a8edfd330_0, 0, 1;
    %pushi/vec4 0, 0, 1;
    %store/vec4 v0x557a8edfd490_0, 0, 1;
    %pushi/vec4 0, 0, 1;
    %store/vec4 v0x557a8edfd5a0_0, 0, 1;
    %pushi/vec4 0, 0, 1;
    %store/vec4 v0x557a8edfd3d0_0, 0, 1;
    %pushi/vec4 0, 0, 1;
    %store/vec4 v0x557a8edfd270_0, 0, 1;
    %pushi/vec4 1, 0, 1;
    %store/vec4 v0x557a8edfd740_0, 0, 1;
    %pushi/vec4 2, 0, 2;
    %store/vec4 v0x557a8ede6ea0_0, 0, 2;
    %jmp T_0.6;
T_0.1 ;
    %pushi/vec4 0, 0, 1;
    %store/vec4 v0x557a8edfd330_0, 0, 1;
    %pushi/vec4 0, 0, 1;
    %store/vec4 v0x557a8edfd490_0, 0, 1;
    %pushi/vec4 0, 0, 1;
    %store/vec4 v0x557a8edfd5a0_0, 0, 1;
    %pushi/vec4 0, 0, 1;
    %store/vec4 v0x557a8edfd3d0_0, 0, 1;
    %pushi/vec4 1, 0, 1;
    %store/vec4 v0x557a8edfd270_0, 0, 1;
    %pushi/vec4 1, 0, 1;
    %store/vec4 v0x557a8edfd740_0, 0, 1;
    %pushi/vec4 2, 0, 2;
    %store/vec4 v0x557a8ede6ea0_0, 0, 2;
    %jmp T_0.6;
T_0.2 ;
    %pushi/vec4 0, 0, 1;
    %store/vec4 v0x557a8edfd330_0, 0, 1;
    %pushi/vec4 1, 0, 1;
    %store/vec4 v0x557a8edfd490_0, 0, 1;
    %pushi/vec4 0, 0, 1;
    %store/vec4 v0x557a8edfd5a0_0, 0, 1;
    %pushi/vec4 1, 0, 1;
    %store/vec4 v0x557a8edfd3d0_0, 0, 1;
    %pushi/vec4 1, 0, 1;
    %store/vec4 v0x557a8edfd270_0, 0, 1;
    %pushi/vec4 1, 0, 1;
    %store/vec4 v0x557a8edfd740_0, 0, 1;
    %pushi/vec4 0, 0, 2;
    %store/vec4 v0x557a8ede6ea0_0, 0, 2;
    %jmp T_0.6;
T_0.3 ;
    %pushi/vec4 0, 0, 1;
    %store/vec4 v0x557a8edfd330_0, 0, 1;
    %pushi/vec4 0, 0, 1;
    %store/vec4 v0x557a8edfd490_0, 0, 1;
    %pushi/vec4 1, 0, 1;
    %store/vec4 v0x557a8edfd5a0_0, 0, 1;
    %pushi/vec4 0, 0, 1;
    %store/vec4 v0x557a8edfd3d0_0, 0, 1;
    %pushi/vec4 1, 0, 1;
    %store/vec4 v0x557a8edfd270_0, 0, 1;
    %pushi/vec4 0, 0, 1;
    %store/vec4 v0x557a8edfd740_0, 0, 1;
    %pushi/vec4 0, 0, 2;
    %store/vec4 v0x557a8ede6ea0_0, 0, 2;
    %jmp T_0.6;
T_0.4 ;
    %pushi/vec4 1, 0, 1;
    %store/vec4 v0x557a8edfd330_0, 0, 1;
    %pushi/vec4 0, 0, 1;
    %store/vec4 v0x557a8edfd490_0, 0, 1;
    %pushi/vec4 0, 0, 1;
    %store/vec4 v0x557a8edfd5a0_0, 0, 1;
    %pushi/vec4 0, 0, 1;
    %store/vec4 v0x557a8edfd3d0_0, 0, 1;
    %pushi/vec4 0, 0, 1;
    %store/vec4 v0x557a8edfd270_0, 0, 1;
    %pushi/vec4 0, 0, 1;
    %store/vec4 v0x557a8edfd740_0, 0, 1;
    %pushi/vec4 1, 0, 2;
    %store/vec4 v0x557a8ede6ea0_0, 0, 2;
    %jmp T_0.6;
T_0.6 ;
    %pop/vec4 1;
    %jmp T_0;
    .thread T_0, $push;
    .scope S_0x557a8eda61f0;
T_1 ;
    %vpi_call 2 16 "$dumpfile", "control.vcd" {0 0 0};
    %vpi_call 2 17 "$dumpvars", 32'sb00000000000000000000000000000000, S_0x557a8eda61f0 {0 0 0};
    %pushi/vec4 51, 0, 7;
    %store/vec4 v0x557a8edfde90_0, 0, 7;
    %delay 10, 0;
    %pushi/vec4 19, 0, 7;
    %store/vec4 v0x557a8edfde90_0, 0, 7;
    %delay 10, 0;
    %pushi/vec4 3, 0, 7;
    %store/vec4 v0x557a8edfde90_0, 0, 7;
    %delay 10, 0;
    %pushi/vec4 35, 0, 7;
    %store/vec4 v0x557a8edfde90_0, 0, 7;
    %delay 10, 0;
    %pushi/vec4 99, 0, 7;
    %store/vec4 v0x557a8edfde90_0, 0, 7;
    %delay 10, 0;
    %delay 100, 0;
    %vpi_call 2 28 "$finish" {0 0 0};
    %end;
    .thread T_1;
# The file index is used to find the file name in the following table.
:file_names 4;
    "N/A";
    "<interactive>";
    "controltb.v";
    "./controlunit.v";
